Using pre-set license
Built from '2020.2/staging' branch; Version is '2020.2.0b13 (655e1a328b90) revision 6643226'; Using compiler version '192528614'; Build Type 'Release'
OS: 'Windows 10  (10.0.0) 64bit' Language: 'en' Physical Memory: 8044 MB
BatchMode: 1, IsHumanControllingUs: 0, StartBugReporterOnCrash: 0, Is64bit: 1, IsPro: 0

 COMMAND LINE ARGUMENTS:
D:\Unity 2020.2.0b13\Editor\Unity.exe
-adb2
-batchMode
-noUpm
-name
AssetImportWorker0
-projectPath
D:/kuliah/Pemrograman s.3/Tower Defense
-logFile
Logs/AssetImportWorker0.log
-srvPort
57462
Successfully changed project path to: D:/kuliah/Pemrograman s.3/Tower Defense
D:/kuliah/Pemrograman s.3/Tower Defense
Using Asset Import Pipeline V2.
Refreshing native plugins compatible for Editor in 78.48 ms, found 1 plugins.
Preloading 0 native plugins for Editor in 0.00 ms.
Initialize engine version: 2020.2.0b13 (655e1a328b90)
[Subsystems] Discovering subsystems at path D:/Unity 2020.2.0b13/Editor/Data/Resources/UnitySubsystems
[Subsystems] Discovering subsystems at path D:/kuliah/Pemrograman s.3/Tower Defense/Assets
GfxDevice: creating device client; threaded=0
Direct3D:
    Version:  Direct3D 11.0 [level 11.1]
    Renderer: NVIDIA GeForce GTX 1650 (ID=0x1f91)
    Vendor:   
    VRAM:     3962 MB
    Driver:   27.21.14.5763
Initialize mono
Mono path[0] = 'D:/Unity 2020.2.0b13/Editor/Data/Managed'
Mono path[1] = 'D:/Unity 2020.2.0b13/Editor/Data/MonoBleedingEdge/lib/mono/unityjit'
Mono config path = 'D:/Unity 2020.2.0b13/Editor/Data/MonoBleedingEdge/etc'
Using monoOptions --debugger-agent=transport=dt_socket,embedding=1,server=y,suspend=n,address=127.0.0.1:56448
Begin MonoManager ReloadAssembly
Registering precompiled unity dll's ...
Register platform support module: D:/Unity 2020.2.0b13/Editor/Data/PlaybackEngines/WindowsStandaloneSupport/UnityEditor.WindowsStandalone.Extensions.dll
Registered in 0.001887 seconds.
Native extension for WindowsStandalone target not found
Refreshing native plugins compatible for Editor in 71.21 ms, found 1 plugins.
Preloading 0 native plugins for Editor in 0.00 ms.
Invoked RoslynAnalysisRunner static constructor.
RoslynAnalysisRunner will not be running.
RoslynAnalysisRunner has terminated.
Mono: successfully reloaded assembly
- Completed reload, in  2.361 seconds
Platform modules already initialized, skipping
Registering precompiled user dll's ...
Registered in 0.001236 seconds.
Begin MonoManager ReloadAssembly
Symbol file LoadedFromMemory doesn't match image D:\kuliah\Pemrograman s.3\Tower Defense\Library\PackageCache\com.unity.ext.nunit@1.0.0\net35\unity-custom\nunit.framework.dll
Native extension for WindowsStandalone target not found
Refreshing native plugins compatible for Editor in 75.91 ms, found 1 plugins.
Preloading 0 native plugins for Editor in 0.00 ms.
Invoked RoslynAnalysisRunner static constructor.
RoslynAnalysisRunner will not be running.
RoslynAnalysisRunner has terminated.
Mono: successfully reloaded assembly
- Completed reload, in  1.785 seconds
Platform modules already initialized, skipping
========================================================================
Worker process is ready to serve import requests
Launched and connected shader compiler UnityShaderCompiler.exe after 0.10 seconds
Refreshing native plugins compatible for Editor in 1.53 ms, found 1 plugins.
Preloading 0 native plugins for Editor in 0.00 ms.
Unloading 1786 Unused Serialized files (Serialized files now loaded: 0)
System memory in use before: 83.4 MB.
System memory in use after: 83.4 MB.

Unloading 24 unused Assets to reduce memory usage. Loaded Objects now: 2225.
Total: 3.819700 ms (FindLiveObjects: 0.359200 ms CreateObjectMapping: 0.156900 ms MarkObjects: 3.094500 ms  DeleteObjects: 0.205600 ms)

========================================================================
Received Import Request.
  path: Assets
  artifactKey: Guid(00000000000000001000000000000000) Importer(815301076,1909f56bfc062723c751e8b465ee728b)
Start importing Assets using Guid(00000000000000001000000000000000) Importer(815301076,1909f56bfc062723c751e8b465ee728b)  -> (artifact id: 'a2024a5447ea30736529f0b4f1ce1248') in 0.018574 seconds
  Import took 0.026845 seconds .

========================================================================
Received Import Request.
  Time since last request: 0.000476 seconds.
  path: Assets/Images
  artifactKey: Guid(da240a43732542d44b125e7622bb7bd7) Importer(815301076,1909f56bfc062723c751e8b465ee728b)
Start importing Assets/Images using Guid(da240a43732542d44b125e7622bb7bd7) Importer(815301076,1909f56bfc062723c751e8b465ee728b)  -> (artifact id: '4398b3e67902ff7bb93a4e1c0cbc0d4c') in 0.019775 seconds
  Import took 0.025227 seconds .

========================================================================
Received Import Request.
  Time since last request: 3.483626 seconds.
  path: Assets/Prefabs
  artifactKey: Guid(3227b514fab20bf4e84ab253284f40b9) Importer(815301076,1909f56bfc062723c751e8b465ee728b)
Start importing Assets/Prefabs using Guid(3227b514fab20bf4e84ab253284f40b9) Importer(815301076,1909f56bfc062723c751e8b465ee728b)  -> (artifact id: 'e173ad681f968764ad75876f3c2890f8') in 0.014198 seconds
  Import took 0.019098 seconds .

========================================================================
Received Import Request.
  Time since last request: 7.612876 seconds.
  path: Assets/Scripts
  artifactKey: Guid(1af912765ba06ad46a79f3232a5217ed) Importer(815301076,1909f56bfc062723c751e8b465ee728b)
Start importing Assets/Scripts using Guid(1af912765ba06ad46a79f3232a5217ed) Importer(815301076,1909f56bfc062723c751e8b465ee728b)  -> (artifact id: 'dd6854acaaf07a7542fe62350c464aa1') in 0.013932 seconds
  Import took 0.018785 seconds .

========================================================================
Received Import Request.
  Time since last request: 68.748383 seconds.
  path: Assets/Images/Attacker.png
  artifactKey: Guid(91f8eecbdb16e0846a794c3e74eaff95) Importer(815301076,1909f56bfc062723c751e8b465ee728b)
Start importing Assets/Images/Attacker.png using Guid(91f8eecbdb16e0846a794c3e74eaff95) Importer(815301076,1909f56bfc062723c751e8b465ee728b)  -> (artifact id: '22e21653cf246a6add76916750e90ba8') in 0.325995 seconds
  Import took 0.331929 seconds .

========================================================================
Received Import Request.
  Time since last request: 0.000426 seconds.
  path: Assets/Images/Bar.png
  artifactKey: Guid(00c0b1da7dfc4334ba36ce6a86378a31) Importer(815301076,1909f56bfc062723c751e8b465ee728b)
Start importing Assets/Images/Bar.png using Guid(00c0b1da7dfc4334ba36ce6a86378a31) Importer(815301076,1909f56bfc062723c751e8b465ee728b)  -> (artifact id: '5f1048ced2d0bf0d864e508d62a54453') in 0.029737 seconds
  Import took 0.034807 seconds .

========================================================================
Received Import Request.
  Time since last request: 0.000365 seconds.
  path: Assets/Images/Defender.png
  artifactKey: Guid(35e56f88b30049f458223f6d201528d6) Importer(815301076,1909f56bfc062723c751e8b465ee728b)
Start importing Assets/Images/Defender.png using Guid(35e56f88b30049f458223f6d201528d6) Importer(815301076,1909f56bfc062723c751e8b465ee728b)  -> (artifact id: '0d007ff502c778acdb0b5790a45bcac8') in 0.035931 seconds
  Import took 0.041975 seconds .

========================================================================
Received Import Request.
  Time since last request: 0.000501 seconds.
  path: Assets/Images/EnemyAttact.png
  artifactKey: Guid(49bb1afd5e98ca241af0e568386c37c1) Importer(815301076,1909f56bfc062723c751e8b465ee728b)
Start importing Assets/Images/EnemyAttact.png using Guid(49bb1afd5e98ca241af0e568386c37c1) Importer(815301076,1909f56bfc062723c751e8b465ee728b)  -> (artifact id: '601a76ae6bcf758709663dbfa7b15022') in 0.032660 seconds
  Import took 0.038639 seconds .

========================================================================
Received Import Request.
  Time since last request: 0.000360 seconds.
  path: Assets/Images/GameOver.png
  artifactKey: Guid(3332caf566d4da6409f933607987e8be) Importer(815301076,1909f56bfc062723c751e8b465ee728b)
Start importing Assets/Images/GameOver.png using Guid(3332caf566d4da6409f933607987e8be) Importer(815301076,1909f56bfc062723c751e8b465ee728b)  -> (artifact id: '16d8755c77467157faceef1ddbb455a6') in 0.028475 seconds
  Import took 0.034473 seconds .

========================================================================
Received Import Request.
  Time since last request: 0.000313 seconds.
  path: Assets/Images/TowerEnemy.png
  artifactKey: Guid(17dea875aa16863478952179daf15bf4) Importer(815301076,1909f56bfc062723c751e8b465ee728b)
Start importing Assets/Images/TowerEnemy.png using Guid(17dea875aa16863478952179daf15bf4) Importer(815301076,1909f56bfc062723c751e8b465ee728b)  -> (artifact id: '826cc6b603f2d0db8d73de1bed21b60c') in 0.027975 seconds
  Import took 0.033250 seconds .

========================================================================
Received Import Request.
  Time since last request: 0.000351 seconds.
  path: Assets/Images/Ground.png
  artifactKey: Guid(8e75028af119c5b489e0e4426ae9cb09) Importer(815301076,1909f56bfc062723c751e8b465ee728b)
Start importing Assets/Images/Ground.png using Guid(8e75028af119c5b489e0e4426ae9cb09) Importer(815301076,1909f56bfc062723c751e8b465ee728b)  -> (artifact id: '220c21eeb1b5d29d58d746dc57a23538') in 0.025955 seconds
  Import took 0.031856 seconds .

========================================================================
Received Import Request.
  Time since last request: 0.000430 seconds.
  path: Assets/Images/BgBar.png
  artifactKey: Guid(354df0fc6d73ae24e9a24c784ae4ebad) Importer(815301076,1909f56bfc062723c751e8b465ee728b)
Start importing Assets/Images/BgBar.png using Guid(354df0fc6d73ae24e9a24c784ae4ebad) Importer(815301076,1909f56bfc062723c751e8b465ee728b)  -> (artifact id: '178382c557392d9abbb52ac065637f4d') in 0.019347 seconds
  Import took 0.024357 seconds .

========================================================================
Received Import Request.
  Time since last request: 0.000454 seconds.
  path: Assets/Images/PlayerDefense.png
  artifactKey: Guid(a12f1fcd5acc9d6478f136d952c50af7) Importer(815301076,1909f56bfc062723c751e8b465ee728b)
Start importing Assets/Images/PlayerDefense.png using Guid(a12f1fcd5acc9d6478f136d952c50af7) Importer(815301076,1909f56bfc062723c751e8b465ee728b)  -> (artifact id: 'e79c15ae1c564415611898f563f27fb2') in 0.028961 seconds
  Import took 0.037067 seconds .

========================================================================
Received Import Request.
  Time since last request: 0.000351 seconds.
  path: Assets/Images/Player Attact.png
  artifactKey: Guid(4e621950763430347ba4e10c776c5267) Importer(815301076,1909f56bfc062723c751e8b465ee728b)
Start importing Assets/Images/Player Attact.png using Guid(4e621950763430347ba4e10c776c5267) Importer(815301076,1909f56bfc062723c751e8b465ee728b)  -> (artifact id: '97f7d795f7103da2514543a393d4d73f') in 0.023783 seconds
  Import took 0.029203 seconds .

========================================================================
Received Import Request.
  Time since last request: 0.000332 seconds.
  path: Assets/Images/TowerPlayer.png
  artifactKey: Guid(31169560f6b83db4fa235df6946ed274) Importer(815301076,1909f56bfc062723c751e8b465ee728b)
Start importing Assets/Images/TowerPlayer.png using Guid(31169560f6b83db4fa235df6946ed274) Importer(815301076,1909f56bfc062723c751e8b465ee728b)  -> (artifact id: '1a898a3c4f9c5afaeeace6ef332d0f27') in 0.026864 seconds
  Import took 0.031769 seconds .

========================================================================
Received Import Request.
  Time since last request: 354.024025 seconds.
  path: Assets/Scenes/SampleScene.unity
  artifactKey: Guid(2cda990e2423bbf4892e6590ba056729) Importer(815301076,1909f56bfc062723c751e8b465ee728b)
Start importing Assets/Scenes/SampleScene.unity using Guid(2cda990e2423bbf4892e6590ba056729) Importer(815301076,1909f56bfc062723c751e8b465ee728b)  -> (artifact id: 'd57c8fb18f4ba2d81a0456299b4cc171') in 0.012533 seconds
  Import took 0.017779 seconds .

========================================================================
Received Import Request.
  Time since last request: 114.240434 seconds.
  path: Assets/Font
  artifactKey: Guid(0261bfe6ea9f93848a28059c9ad81cf7) Importer(815301076,1909f56bfc062723c751e8b465ee728b)
Start importing Assets/Font using Guid(0261bfe6ea9f93848a28059c9ad81cf7) Importer(815301076,1909f56bfc062723c751e8b465ee728b)  -> (artifact id: '6099742097268f681e973a2f22bbb22f') in 0.011182 seconds
  Import took 0.015697 seconds .

========================================================================
Received Import Request.
  Time since last request: 11.704468 seconds.
  path: Assets/Font/BEBAS.ttf
  artifactKey: Guid(b18ad2b7b57bf5f4bbf78c5b53819ea2) Importer(815301076,1909f56bfc062723c751e8b465ee728b)
Start importing Assets/Font/BEBAS.ttf using Guid(b18ad2b7b57bf5f4bbf78c5b53819ea2) Importer(815301076,1909f56bfc062723c751e8b465ee728b)  -> (artifact id: '7319c24f634260839f3abf7b2cf1e392') in 0.107716 seconds
  Import took 0.113583 seconds .

========================================================================
Received Import Request.
  Time since last request: 0.000443 seconds.
  path: Assets/Font/coolvetica rg.ttf
  artifactKey: Guid(916f3f4c80d57df49842ced07825dfdb) Importer(815301076,1909f56bfc062723c751e8b465ee728b)
Start importing Assets/Font/coolvetica rg.ttf using Guid(916f3f4c80d57df49842ced07825dfdb) Importer(815301076,1909f56bfc062723c751e8b465ee728b)  -> (artifact id: 'c9bff4ac810cc5f6eca971d1e4b50635') in 0.039122 seconds
  Import took 0.045874 seconds .

========================================================================
Received Import Request.
  Time since last request: 952.737513 seconds.
  path: ProjectSettings/TagManager.asset
  artifactKey: Guid(00000000000000003000000000000000) Importer(815301076,1909f56bfc062723c751e8b465ee728b)
Start importing ProjectSettings/TagManager.asset using Guid(00000000000000003000000000000000) Importer(815301076,1909f56bfc062723c751e8b465ee728b)  -> (artifact id: '8641a3532907f391a7cd84ce5a6597cb') in 0.021887 seconds
  Import took 0.027886 seconds .

========================================================================
Received Prepare
Registering precompiled user dll's ...
Registered in 0.002811 seconds.
Begin MonoManager ReloadAssembly
Symbol file LoadedFromMemory doesn't match image D:\kuliah\Pemrograman s.3\Tower Defense\Library\PackageCache\com.unity.ext.nunit@1.0.0\net35\unity-custom\nunit.framework.dll
Native extension for WindowsStandalone target not found
Refreshing native plugins compatible for Editor in 0.48 ms, found 1 plugins.
Preloading 0 native plugins for Editor in 0.00 ms.
Invoked RoslynAnalysisRunner static constructor.
RoslynAnalysisRunner will not be running.
RoslynAnalysisRunner has terminated.
Mono: successfully reloaded assembly
- Completed reload, in  1.573 seconds
Platform modules already initialized, skipping
Refreshing native plugins compatible for Editor in 0.50 ms, found 1 plugins.
Preloading 0 native plugins for Editor in 0.00 ms.
Unloading 1781 Unused Serialized files (Serialized files now loaded: 0)
System memory in use before: 87.0 MB.
System memory in use after: 87.0 MB.

Unloading 13 unused Assets to reduce memory usage. Loaded Objects now: 2291.
Total: 4.307000 ms (FindLiveObjects: 0.306400 ms CreateObjectMapping: 0.100100 ms MarkObjects: 3.713500 ms  DeleteObjects: 0.184100 ms)

========================================================================
Received Import Request.
  Time since last request: 515.083955 seconds.
  path: Assets/Scripts/Data.cs
  artifactKey: Guid(772c3f653c697e64ead9dc0f64274b8b) Importer(815301076,1909f56bfc062723c751e8b465ee728b)
Start importing Assets/Scripts/Data.cs using Guid(772c3f653c697e64ead9dc0f64274b8b) Importer(815301076,1909f56bfc062723c751e8b465ee728b)  -> (artifact id: '83f2f52b2bc50946e50b3e82b5afacf6') in 0.048642 seconds
  Import took 0.058588 seconds .

========================================================================
Received Prepare
Registering precompiled user dll's ...
Registered in 0.001432 seconds.
Begin MonoManager ReloadAssembly
Symbol file LoadedFromMemory doesn't match image D:\kuliah\Pemrograman s.3\Tower Defense\Library\PackageCache\com.unity.ext.nunit@1.0.0\net35\unity-custom\nunit.framework.dll
Native extension for WindowsStandalone target not found
Refreshing native plugins compatible for Editor in 0.42 ms, found 1 plugins.
Preloading 0 native plugins for Editor in 0.00 ms.
Invoked RoslynAnalysisRunner static constructor.
RoslynAnalysisRunner will not be running.
RoslynAnalysisRunner has terminated.
Mono: successfully reloaded assembly
- Completed reload, in  0.802 seconds
Platform modules already initialized, skipping
Refreshing native plugins compatible for Editor in 0.31 ms, found 1 plugins.
Preloading 0 native plugins for Editor in 0.00 ms.
Unloading 1782 Unused Serialized files (Serialized files now loaded: 0)
System memory in use before: 87.2 MB.
System memory in use after: 87.2 MB.

Unloading 12 unused Assets to reduce memory usage. Loaded Objects now: 2295.
Total: 2.199800 ms (FindLiveObjects: 0.264700 ms CreateObjectMapping: 0.078600 ms MarkObjects: 1.749900 ms  DeleteObjects: 0.105800 ms)

========================================================================
Received Import Request.
  Time since last request: 82.191107 seconds.
  path: Assets/Scripts/Attacker.cs
  artifactKey: Guid(8e683509a0fbec446a5fb9ee8712c84f) Importer(815301076,1909f56bfc062723c751e8b465ee728b)
Start importing Assets/Scripts/Attacker.cs using Guid(8e683509a0fbec446a5fb9ee8712c84f) Importer(815301076,1909f56bfc062723c751e8b465ee728b)  -> (artifact id: 'bcaadc314ee2365c5efb489afc622ebd') in 0.005181 seconds
  Import took 0.009382 seconds .

========================================================================
Received Prepare
Registering precompiled user dll's ...
Registered in 0.001141 seconds.
Begin MonoManager ReloadAssembly
Symbol file LoadedFromMemory doesn't match image D:\kuliah\Pemrograman s.3\Tower Defense\Library\PackageCache\com.unity.ext.nunit@1.0.0\net35\unity-custom\nunit.framework.dll
Native extension for WindowsStandalone target not found
Refreshing native plugins compatible for Editor in 0.55 ms, found 1 plugins.
Preloading 0 native plugins for Editor in 0.00 ms.
Invoked RoslynAnalysisRunner static constructor.
RoslynAnalysisRunner will not be running.
RoslynAnalysisRunner has terminated.
Mono: successfully reloaded assembly
- Completed reload, in  0.853 seconds
Platform modules already initialized, skipping
Refreshing native plugins compatible for Editor in 0.32 ms, found 1 plugins.
Preloading 0 native plugins for Editor in 0.00 ms.
Unloading 1783 Unused Serialized files (Serialized files now loaded: 0)
System memory in use before: 87.3 MB.
System memory in use after: 87.3 MB.

Unloading 12 unused Assets to reduce memory usage. Loaded Objects now: 2299.
Total: 2.227500 ms (FindLiveObjects: 0.254600 ms CreateObjectMapping: 0.091600 ms MarkObjects: 1.791900 ms  DeleteObjects: 0.087600 ms)

========================================================================
Received Prepare
Registering precompiled user dll's ...
Registered in 0.001501 seconds.
Begin MonoManager ReloadAssembly
Symbol file LoadedFromMemory doesn't match image D:\kuliah\Pemrograman s.3\Tower Defense\Library\PackageCache\com.unity.ext.nunit@1.0.0\net35\unity-custom\nunit.framework.dll
Native extension for WindowsStandalone target not found
Refreshing native plugins compatible for Editor in 0.51 ms, found 1 plugins.
Preloading 0 native plugins for Editor in 0.00 ms.
Invoked RoslynAnalysisRunner static constructor.
RoslynAnalysisRunner will not be running.
RoslynAnalysisRunner has terminated.
Mono: successfully reloaded assembly
- Completed reload, in  0.797 seconds
Platform modules already initialized, skipping
Refreshing native plugins compatible for Editor in 0.36 ms, found 1 plugins.
Preloading 0 native plugins for Editor in 0.00 ms.
Unloading 1783 Unused Serialized files (Serialized files now loaded: 0)
System memory in use before: 87.4 MB.
System memory in use after: 87.4 MB.

Unloading 12 unused Assets to reduce memory usage. Loaded Objects now: 2302.
Total: 2.616700 ms (FindLiveObjects: 0.195400 ms CreateObjectMapping: 0.063900 ms MarkObjects: 2.204200 ms  DeleteObjects: 0.151200 ms)

========================================================================
Received Import Request.
  Time since last request: 900.999187 seconds.
  path: Assets/Scripts/Attacker.cs
  artifactKey: Guid(8e683509a0fbec446a5fb9ee8712c84f) Importer(815301076,1909f56bfc062723c751e8b465ee728b)
Start importing Assets/Scripts/Attacker.cs using Guid(8e683509a0fbec446a5fb9ee8712c84f) Importer(815301076,1909f56bfc062723c751e8b465ee728b)  -> (artifact id: 'dea1cd7ce977543cf8fa30c905b438bc') in 0.004880 seconds
  Import took 0.009560 seconds .

========================================================================
Received Prepare
Registering precompiled user dll's ...
Registered in 0.000776 seconds.
Begin MonoManager ReloadAssembly
Symbol file LoadedFromMemory doesn't match image D:\kuliah\Pemrograman s.3\Tower Defense\Library\PackageCache\com.unity.ext.nunit@1.0.0\net35\unity-custom\nunit.framework.dll
Native extension for WindowsStandalone target not found
Refreshing native plugins compatible for Editor in 0.32 ms, found 1 plugins.
Preloading 0 native plugins for Editor in 0.00 ms.
Invoked RoslynAnalysisRunner static constructor.
RoslynAnalysisRunner will not be running.
RoslynAnalysisRunner has terminated.
Mono: successfully reloaded assembly
- Completed reload, in  0.949 seconds
Platform modules already initialized, skipping
Refreshing native plugins compatible for Editor in 0.53 ms, found 1 plugins.
Preloading 0 native plugins for Editor in 0.00 ms.
Unloading 1783 Unused Serialized files (Serialized files now loaded: 0)
System memory in use before: 87.4 MB.
System memory in use after: 87.4 MB.

Unloading 12 unused Assets to reduce memory usage. Loaded Objects now: 2305.
Total: 2.055300 ms (FindLiveObjects: 0.179600 ms CreateObjectMapping: 0.067200 ms MarkObjects: 1.715100 ms  DeleteObjects: 0.091700 ms)

========================================================================
Received Prepare
Registering precompiled user dll's ...
Registered in 0.000780 seconds.
Begin MonoManager ReloadAssembly
Symbol file LoadedFromMemory doesn't match image D:\kuliah\Pemrograman s.3\Tower Defense\Library\PackageCache\com.unity.ext.nunit@1.0.0\net35\unity-custom\nunit.framework.dll
Native extension for WindowsStandalone target not found
Refreshing native plugins compatible for Editor in 0.39 ms, found 1 plugins.
Preloading 0 native plugins for Editor in 0.00 ms.
Invoked RoslynAnalysisRunner static constructor.
RoslynAnalysisRunner will not be running.
RoslynAnalysisRunner has terminated.
Mono: successfully reloaded assembly
- Completed reload, in  0.806 seconds
Platform modules already initialized, skipping
Refreshing native plugins compatible for Editor in 0.33 ms, found 1 plugins.
Preloading 0 native plugins for Editor in 0.00 ms.
Unloading 1783 Unused Serialized files (Serialized files now loaded: 0)
System memory in use before: 87.5 MB.
System memory in use after: 87.5 MB.

Unloading 12 unused Assets to reduce memory usage. Loaded Objects now: 2308.
Total: 2.802600 ms (FindLiveObjects: 0.433700 ms CreateObjectMapping: 0.093200 ms MarkObjects: 2.154700 ms  DeleteObjects: 0.118900 ms)

========================================================================
Received Import Request.
  Time since last request: 98.446091 seconds.
  path: Assets/Scripts/Defender.cs
  artifactKey: Guid(1f06e2ad2146c93479b335bd7c7aa3c5) Importer(815301076,1909f56bfc062723c751e8b465ee728b)
Start importing Assets/Scripts/Defender.cs using Guid(1f06e2ad2146c93479b335bd7c7aa3c5) Importer(815301076,1909f56bfc062723c751e8b465ee728b)  -> (artifact id: 'd06c6dd83048d43b2329dff26ceb5731') in 0.005235 seconds
  Import took 0.009784 seconds .

========================================================================
Received Import Request.
  Time since last request: 0.000515 seconds.
  path: Assets/Scripts/Defender.cs
  artifactKey: Guid(1f06e2ad2146c93479b335bd7c7aa3c5) Importer(815301076,1909f56bfc062723c751e8b465ee728b)
Start importing Assets/Scripts/Defender.cs using Guid(1f06e2ad2146c93479b335bd7c7aa3c5) Importer(815301076,1909f56bfc062723c751e8b465ee728b)  -> (artifact id: 'd06c6dd83048d43b2329dff26ceb5731') in 0.002444 seconds
  Import took 0.010599 seconds .

========================================================================
Received Prepare
Registering precompiled user dll's ...
Registered in 0.001189 seconds.
Begin MonoManager ReloadAssembly
Symbol file LoadedFromMemory doesn't match image D:\kuliah\Pemrograman s.3\Tower Defense\Library\PackageCache\com.unity.ext.nunit@1.0.0\net35\unity-custom\nunit.framework.dll
Native extension for WindowsStandalone target not found
Refreshing native plugins compatible for Editor in 0.50 ms, found 1 plugins.
Preloading 0 native plugins for Editor in 0.00 ms.
Invoked RoslynAnalysisRunner static constructor.
RoslynAnalysisRunner will not be running.
RoslynAnalysisRunner has terminated.
Mono: successfully reloaded assembly
- Completed reload, in  0.937 seconds
Platform modules already initialized, skipping
Refreshing native plugins compatible for Editor in 0.47 ms, found 1 plugins.
Preloading 0 native plugins for Editor in 0.00 ms.
Unloading 1784 Unused Serialized files (Serialized files now loaded: 0)
System memory in use before: 87.6 MB.
System memory in use after: 87.6 MB.

Unloading 12 unused Assets to reduce memory usage. Loaded Objects now: 2312.
Total: 2.662700 ms (FindLiveObjects: 0.185200 ms CreateObjectMapping: 0.061200 ms MarkObjects: 2.281500 ms  DeleteObjects: 0.133600 ms)

========================================================================
Received Prepare
Registering precompiled user dll's ...
Registered in 0.000809 seconds.
Begin MonoManager ReloadAssembly
Symbol file LoadedFromMemory doesn't match image D:\kuliah\Pemrograman s.3\Tower Defense\Library\PackageCache\com.unity.ext.nunit@1.0.0\net35\unity-custom\nunit.framework.dll
Native extension for WindowsStandalone target not found
Refreshing native plugins compatible for Editor in 0.36 ms, found 1 plugins.
Preloading 0 native plugins for Editor in 0.00 ms.
Invoked RoslynAnalysisRunner static constructor.
RoslynAnalysisRunner will not be running.
RoslynAnalysisRunner has terminated.
Mono: successfully reloaded assembly
- Completed reload, in  0.795 seconds
Platform modules already initialized, skipping
Refreshing native plugins compatible for Editor in 0.33 ms, found 1 plugins.
Preloading 0 native plugins for Editor in 0.00 ms.
Unloading 1784 Unused Serialized files (Serialized files now loaded: 0)
System memory in use before: 87.7 MB.
System memory in use after: 87.7 MB.

Unloading 12 unused Assets to reduce memory usage. Loaded Objects now: 2315.
Total: 2.097800 ms (FindLiveObjects: 0.206500 ms CreateObjectMapping: 0.074100 ms MarkObjects: 1.724400 ms  DeleteObjects: 0.091500 ms)

========================================================================
Received Prepare
Registering precompiled user dll's ...
Registered in 0.000748 seconds.
Begin MonoManager ReloadAssembly
Symbol file LoadedFromMemory doesn't match image D:\kuliah\Pemrograman s.3\Tower Defense\Library\PackageCache\com.unity.ext.nunit@1.0.0\net35\unity-custom\nunit.framework.dll
Native extension for WindowsStandalone target not found
Refreshing native plugins compatible for Editor in 0.33 ms, found 1 plugins.
Preloading 0 native plugins for Editor in 0.00 ms.
Invoked RoslynAnalysisRunner static constructor.
RoslynAnalysisRunner will not be running.
RoslynAnalysisRunner has terminated.
Mono: successfully reloaded assembly
- Completed reload, in  0.817 seconds
Platform modules already initialized, skipping
Refreshing native plugins compatible for Editor in 0.38 ms, found 1 plugins.
Preloading 0 native plugins for Editor in 0.00 ms.
Unloading 1784 Unused Serialized files (Serialized files now loaded: 0)
System memory in use before: 87.8 MB.
System memory in use after: 87.8 MB.

Unloading 12 unused Assets to reduce memory usage. Loaded Objects now: 2318.
Total: 2.014000 ms (FindLiveObjects: 0.199700 ms CreateObjectMapping: 0.060100 ms MarkObjects: 1.666600 ms  DeleteObjects: 0.086600 ms)

========================================================================
Received Prepare
Registering precompiled user dll's ...
Registered in 0.001202 seconds.
Begin MonoManager ReloadAssembly
Symbol file LoadedFromMemory doesn't match image D:\kuliah\Pemrograman s.3\Tower Defense\Library\PackageCache\com.unity.ext.nunit@1.0.0\net35\unity-custom\nunit.framework.dll
Native extension for WindowsStandalone target not found
Refreshing native plugins compatible for Editor in 0.34 ms, found 1 plugins.
Preloading 0 native plugins for Editor in 0.00 ms.
Invoked RoslynAnalysisRunner static constructor.
RoslynAnalysisRunner will not be running.
RoslynAnalysisRunner has terminated.
Mono: successfully reloaded assembly
- Completed reload, in  0.813 seconds
Platform modules already initialized, skipping
Refreshing native plugins compatible for Editor in 0.34 ms, found 1 plugins.
Preloading 0 native plugins for Editor in 0.00 ms.
Unloading 1784 Unused Serialized files (Serialized files now loaded: 0)
System memory in use before: 87.8 MB.
System memory in use after: 87.8 MB.

Unloading 12 unused Assets to reduce memory usage. Loaded Objects now: 2321.
Total: 2.241800 ms (FindLiveObjects: 0.195100 ms CreateObjectMapping: 0.058400 ms MarkObjects: 1.899300 ms  DeleteObjects: 0.087800 ms)

========================================================================
Received Prepare
Registering precompiled user dll's ...
Registered in 0.001907 seconds.
Begin MonoManager ReloadAssembly
Symbol file LoadedFromMemory doesn't match image D:\kuliah\Pemrograman s.3\Tower Defense\Library\PackageCache\com.unity.ext.nunit@1.0.0\net35\unity-custom\nunit.framework.dll
Native extension for WindowsStandalone target not found
Refreshing native plugins compatible for Editor in 0.34 ms, found 1 plugins.
Preloading 0 native plugins for Editor in 0.00 ms.
Invoked RoslynAnalysisRunner static constructor.
RoslynAnalysisRunner will not be running.
RoslynAnalysisRunner has terminated.
Mono: successfully reloaded assembly
- Completed reload, in  0.836 seconds
Platform modules already initialized, skipping
Refreshing native plugins compatible for Editor in 0.32 ms, found 1 plugins.
Preloading 0 native plugins for Editor in 0.00 ms.
Unloading 1784 Unused Serialized files (Serialized files now loaded: 0)
System memory in use before: 87.9 MB.
System memory in use after: 87.9 MB.

Unloading 12 unused Assets to reduce memory usage. Loaded Objects now: 2324.
Total: 2.119800 ms (FindLiveObjects: 0.231100 ms CreateObjectMapping: 0.115600 ms MarkObjects: 1.683000 ms  DeleteObjects: 0.089100 ms)

========================================================================
Received Import Request.
  Time since last request: 349.469209 seconds.
  path: Assets/Scripts/TowerDestroy.cs
  artifactKey: Guid(969788b1a04b5b541b1e86fd411446a2) Importer(815301076,1909f56bfc062723c751e8b465ee728b)
Start importing Assets/Scripts/TowerDestroy.cs using Guid(969788b1a04b5b541b1e86fd411446a2) Importer(815301076,1909f56bfc062723c751e8b465ee728b)  -> (artifact id: '01059f0b621c708e571b757d965330cd') in 0.014736 seconds
  Import took 0.020043 seconds .

========================================================================
Received Prepare
Registering precompiled user dll's ...
Registered in 0.000714 seconds.
Begin MonoManager ReloadAssembly
Symbol file LoadedFromMemory doesn't match image D:\kuliah\Pemrograman s.3\Tower Defense\Library\PackageCache\com.unity.ext.nunit@1.0.0\net35\unity-custom\nunit.framework.dll
Native extension for WindowsStandalone target not found
Refreshing native plugins compatible for Editor in 0.36 ms, found 1 plugins.
Preloading 0 native plugins for Editor in 0.00 ms.
Invoked RoslynAnalysisRunner static constructor.
RoslynAnalysisRunner will not be running.
RoslynAnalysisRunner has terminated.
Mono: successfully reloaded assembly
- Completed reload, in  0.854 seconds
Platform modules already initialized, skipping
Refreshing native plugins compatible for Editor in 0.36 ms, found 1 plugins.
Preloading 0 native plugins for Editor in 0.00 ms.
Unloading 1785 Unused Serialized files (Serialized files now loaded: 0)
System memory in use before: 88.0 MB.
System memory in use after: 88.0 MB.

Unloading 12 unused Assets to reduce memory usage. Loaded Objects now: 2328.
Total: 2.130500 ms (FindLiveObjects: 0.269700 ms CreateObjectMapping: 0.081800 ms MarkObjects: 1.689000 ms  DeleteObjects: 0.088900 ms)

========================================================================
Received Prepare
Registering precompiled user dll's ...
Registered in 0.001863 seconds.
Begin MonoManager ReloadAssembly
Symbol file LoadedFromMemory doesn't match image D:\kuliah\Pemrograman s.3\Tower Defense\Library\PackageCache\com.unity.ext.nunit@1.0.0\net35\unity-custom\nunit.framework.dll
Native extension for WindowsStandalone target not found
Refreshing native plugins compatible for Editor in 0.32 ms, found 1 plugins.
Preloading 0 native plugins for Editor in 0.00 ms.
Invoked RoslynAnalysisRunner static constructor.
RoslynAnalysisRunner will not be running.
RoslynAnalysisRunner has terminated.
Mono: successfully reloaded assembly
- Completed reload, in  0.929 seconds
Platform modules already initialized, skipping
Refreshing native plugins compatible for Editor in 0.37 ms, found 1 plugins.
Preloading 0 native plugins for Editor in 0.00 ms.
Unloading 1785 Unused Serialized files (Serialized files now loaded: 0)
System memory in use before: 88.1 MB.
System memory in use after: 88.1 MB.

Unloading 12 unused Assets to reduce memory usage. Loaded Objects now: 2331.
Total: 2.258400 ms (FindLiveObjects: 0.179000 ms CreateObjectMapping: 0.054400 ms MarkObjects: 1.934000 ms  DeleteObjects: 0.090000 ms)

========================================================================
Received Prepare
Registering precompiled user dll's ...
Registered in 0.000753 seconds.
Begin MonoManager ReloadAssembly
Symbol file LoadedFromMemory doesn't match image D:\kuliah\Pemrograman s.3\Tower Defense\Library\PackageCache\com.unity.ext.nunit@1.0.0\net35\unity-custom\nunit.framework.dll
Native extension for WindowsStandalone target not found
Refreshing native plugins compatible for Editor in 0.33 ms, found 1 plugins.
Preloading 0 native plugins for Editor in 0.00 ms.
Invoked RoslynAnalysisRunner static constructor.
RoslynAnalysisRunner will not be running.
RoslynAnalysisRunner has terminated.
Mono: successfully reloaded assembly
- Completed reload, in  0.819 seconds
Platform modules already initialized, skipping
Refreshing native plugins compatible for Editor in 0.35 ms, found 1 plugins.
Preloading 0 native plugins for Editor in 0.00 ms.
Unloading 1785 Unused Serialized files (Serialized files now loaded: 0)
System memory in use before: 88.1 MB.
System memory in use after: 88.1 MB.

Unloading 12 unused Assets to reduce memory usage. Loaded Objects now: 2334.
Total: 2.059900 ms (FindLiveObjects: 0.230800 ms CreateObjectMapping: 0.063800 ms MarkObjects: 1.648500 ms  DeleteObjects: 0.115300 ms)

========================================================================
Received Prepare
Registering precompiled user dll's ...
Registered in 0.002982 seconds.
Begin MonoManager ReloadAssembly
Symbol file LoadedFromMemory doesn't match image D:\kuliah\Pemrograman s.3\Tower Defense\Library\PackageCache\com.unity.ext.nunit@1.0.0\net35\unity-custom\nunit.framework.dll
Native extension for WindowsStandalone target not found
Refreshing native plugins compatible for Editor in 0.37 ms, found 1 plugins.
Preloading 0 native plugins for Editor in 0.00 ms.
Invoked RoslynAnalysisRunner static constructor.
RoslynAnalysisRunner will not be running.
RoslynAnalysisRunner has terminated.
Mono: successfully reloaded assembly
- Completed reload, in  0.816 seconds
Platform modules already initialized, skipping
Refreshing native plugins compatible for Editor in 0.39 ms, found 1 plugins.
Preloading 0 native plugins for Editor in 0.00 ms.
Unloading 1785 Unused Serialized files (Serialized files now loaded: 0)
System memory in use before: 88.2 MB.
System memory in use after: 88.2 MB.

Unloading 12 unused Assets to reduce memory usage. Loaded Objects now: 2337.
Total: 1.913900 ms (FindLiveObjects: 0.206000 ms CreateObjectMapping: 0.066700 ms MarkObjects: 1.549500 ms  DeleteObjects: 0.090700 ms)

========================================================================
Received Import Request.
  Time since last request: 187.593184 seconds.
  path: Assets/Scripts/Defender.cs
  artifactKey: Guid(1f06e2ad2146c93479b335bd7c7aa3c5) Importer(815301076,1909f56bfc062723c751e8b465ee728b)
Start importing Assets/Scripts/Defender.cs using Guid(1f06e2ad2146c93479b335bd7c7aa3c5) Importer(815301076,1909f56bfc062723c751e8b465ee728b)  -> (artifact id: '149853ee98a1884dad483f96b88c64b7') in 0.004301 seconds
  Import took 0.008287 seconds .

========================================================================
Received Prepare
Registering precompiled user dll's ...
Registered in 0.001019 seconds.
Begin MonoManager ReloadAssembly
Symbol file LoadedFromMemory doesn't match image D:\kuliah\Pemrograman s.3\Tower Defense\Library\PackageCache\com.unity.ext.nunit@1.0.0\net35\unity-custom\nunit.framework.dll
Native extension for WindowsStandalone target not found
Refreshing native plugins compatible for Editor in 0.58 ms, found 1 plugins.
Preloading 0 native plugins for Editor in 0.00 ms.
Invoked RoslynAnalysisRunner static constructor.
RoslynAnalysisRunner will not be running.
RoslynAnalysisRunner has terminated.
Mono: successfully reloaded assembly
- Completed reload, in  0.822 seconds
Platform modules already initialized, skipping
Refreshing native plugins compatible for Editor in 0.52 ms, found 1 plugins.
Preloading 0 native plugins for Editor in 0.00 ms.
Unloading 1785 Unused Serialized files (Serialized files now loaded: 0)
System memory in use before: 88.3 MB.
System memory in use after: 88.3 MB.

Unloading 12 unused Assets to reduce memory usage. Loaded Objects now: 2340.
Total: 2.361300 ms (FindLiveObjects: 0.328800 ms CreateObjectMapping: 0.097300 ms MarkObjects: 1.842000 ms  DeleteObjects: 0.091200 ms)

========================================================================
Received Prepare
Registering precompiled user dll's ...
Registered in 0.000863 seconds.
Begin MonoManager ReloadAssembly
Symbol file LoadedFromMemory doesn't match image D:\kuliah\Pemrograman s.3\Tower Defense\Library\PackageCache\com.unity.ext.nunit@1.0.0\net35\unity-custom\nunit.framework.dll
Native extension for WindowsStandalone target not found
Refreshing native plugins compatible for Editor in 0.33 ms, found 1 plugins.
Preloading 0 native plugins for Editor in 0.00 ms.
Invoked RoslynAnalysisRunner static constructor.
RoslynAnalysisRunner will not be running.
RoslynAnalysisRunner has terminated.
Mono: successfully reloaded assembly
- Completed reload, in  0.841 seconds
Platform modules already initialized, skipping
Refreshing native plugins compatible for Editor in 0.32 ms, found 1 plugins.
Preloading 0 native plugins for Editor in 0.00 ms.
Unloading 1785 Unused Serialized files (Serialized files now loaded: 0)
System memory in use before: 88.4 MB.
System memory in use after: 88.4 MB.

Unloading 12 unused Assets to reduce memory usage. Loaded Objects now: 2343.
Total: 2.177000 ms (FindLiveObjects: 0.161500 ms CreateObjectMapping: 0.055100 ms MarkObjects: 1.874900 ms  DeleteObjects: 0.084700 ms)

========================================================================
Received Import Request.
  Time since last request: 136.268953 seconds.
  path: Assets/Scripts/DragDrop.cs
  artifactKey: Guid(a73b0ba2bfdb44744bd26170bf0132e9) Importer(815301076,1909f56bfc062723c751e8b465ee728b)
Start importing Assets/Scripts/DragDrop.cs using Guid(a73b0ba2bfdb44744bd26170bf0132e9) Importer(815301076,1909f56bfc062723c751e8b465ee728b)  -> (artifact id: 'c3e9805cdc11afbd2188bb0e81cb792d') in 0.013908 seconds
  Import took 0.018372 seconds .

========================================================================
Received Prepare
Registering precompiled user dll's ...
Registered in 0.000710 seconds.
Begin MonoManager ReloadAssembly
Symbol file LoadedFromMemory doesn't match image D:\kuliah\Pemrograman s.3\Tower Defense\Library\PackageCache\com.unity.ext.nunit@1.0.0\net35\unity-custom\nunit.framework.dll
Native extension for WindowsStandalone target not found
Refreshing native plugins compatible for Editor in 0.32 ms, found 1 plugins.
Preloading 0 native plugins for Editor in 0.00 ms.
Invoked RoslynAnalysisRunner static constructor.
RoslynAnalysisRunner will not be running.
RoslynAnalysisRunner has terminated.
Mono: successfully reloaded assembly
- Completed reload, in  0.862 seconds
Platform modules already initialized, skipping
Refreshing native plugins compatible for Editor in 0.32 ms, found 1 plugins.
Preloading 0 native plugins for Editor in 0.00 ms.
Unloading 1786 Unused Serialized files (Serialized files now loaded: 0)
System memory in use before: 88.4 MB.
System memory in use after: 88.4 MB.

Unloading 12 unused Assets to reduce memory usage. Loaded Objects now: 2347.
Total: 2.298600 ms (FindLiveObjects: 0.176700 ms CreateObjectMapping: 0.067000 ms MarkObjects: 1.963400 ms  DeleteObjects: 0.090300 ms)

========================================================================
Received Prepare
Registering precompiled user dll's ...
Registered in 0.000722 seconds.
Begin MonoManager ReloadAssembly
Symbol file LoadedFromMemory doesn't match image D:\kuliah\Pemrograman s.3\Tower Defense\Library\PackageCache\com.unity.ext.nunit@1.0.0\net35\unity-custom\nunit.framework.dll
Native extension for WindowsStandalone target not found
Refreshing native plugins compatible for Editor in 0.32 ms, found 1 plugins.
Preloading 0 native plugins for Editor in 0.00 ms.
Invoked RoslynAnalysisRunner static constructor.
RoslynAnalysisRunner will not be running.
RoslynAnalysisRunner has terminated.
Mono: successfully reloaded assembly
- Completed reload, in  0.803 seconds
Platform modules already initialized, skipping
Refreshing native plugins compatible for Editor in 0.37 ms, found 1 plugins.
Preloading 0 native plugins for Editor in 0.00 ms.
Unloading 1786 Unused Serialized files (Serialized files now loaded: 0)
System memory in use before: 88.5 MB.
System memory in use after: 88.5 MB.

Unloading 12 unused Assets to reduce memory usage. Loaded Objects now: 2350.
Total: 2.169100 ms (FindLiveObjects: 0.275700 ms CreateObjectMapping: 0.095000 ms MarkObjects: 1.711900 ms  DeleteObjects: 0.085600 ms)

========================================================================
Received Import Request.
  Time since last request: 209.945563 seconds.
  path: Assets/Prefabs/Player Attact.prefab
  artifactKey: Guid(24884068e5d583e4eaa714f68992fa0c) Importer(815301076,1909f56bfc062723c751e8b465ee728b)
Start importing Assets/Prefabs/Player Attact.prefab using Guid(24884068e5d583e4eaa714f68992fa0c) Importer(815301076,1909f56bfc062723c751e8b465ee728b)  -> (artifact id: 'a1b848a1905a0fbf39d926f635bf405f') in 0.098691 seconds
  Import took 0.103496 seconds .

========================================================================
Received Import Request.
  Time since last request: 0.005048 seconds.
  path: Assets/Prefabs/Player Attact.prefab
  artifactKey: Guid(24884068e5d583e4eaa714f68992fa0c) Importer(815301076,1909f56bfc062723c751e8b465ee728b)
Start importing Assets/Prefabs/Player Attact.prefab using Guid(24884068e5d583e4eaa714f68992fa0c) Importer(815301076,1909f56bfc062723c751e8b465ee728b)  -> (artifact id: 'a1b848a1905a0fbf39d926f635bf405f') in 0.015282 seconds
  Import took 0.019666 seconds .

========================================================================
Received Import Request.
  Time since last request: 28.801215 seconds.
  path: Assets/Scripts/CreateItem.cs
  artifactKey: Guid(2f953d4193fac1841a6217f32e105862) Importer(815301076,1909f56bfc062723c751e8b465ee728b)
Start importing Assets/Scripts/CreateItem.cs using Guid(2f953d4193fac1841a6217f32e105862) Importer(815301076,1909f56bfc062723c751e8b465ee728b)  -> (artifact id: 'e05e175363efd19130edad47fcf46412') in 0.007515 seconds
  Import took 0.013419 seconds .

========================================================================
Received Prepare
Registering precompiled user dll's ...
Registered in 0.000725 seconds.
Begin MonoManager ReloadAssembly
Symbol file LoadedFromMemory doesn't match image D:\kuliah\Pemrograman s.3\Tower Defense\Library\PackageCache\com.unity.ext.nunit@1.0.0\net35\unity-custom\nunit.framework.dll
Native extension for WindowsStandalone target not found
Refreshing native plugins compatible for Editor in 0.74 ms, found 1 plugins.
Preloading 0 native plugins for Editor in 0.00 ms.
Invoked RoslynAnalysisRunner static constructor.
RoslynAnalysisRunner will not be running.
RoslynAnalysisRunner has terminated.
Mono: successfully reloaded assembly
- Completed reload, in  0.912 seconds
Platform modules already initialized, skipping
Refreshing native plugins compatible for Editor in 0.39 ms, found 1 plugins.
Preloading 0 native plugins for Editor in 0.00 ms.
Unloading 1787 Unused Serialized files (Serialized files now loaded: 0)
System memory in use before: 88.6 MB.
System memory in use after: 88.6 MB.

Unloading 12 unused Assets to reduce memory usage. Loaded Objects now: 2355.
Total: 4.400700 ms (FindLiveObjects: 0.224100 ms CreateObjectMapping: 0.064000 ms MarkObjects: 3.884500 ms  DeleteObjects: 0.226300 ms)

========================================================================
Received Prepare
Registering precompiled user dll's ...
Registered in 0.000994 seconds.
Begin MonoManager ReloadAssembly
Symbol file LoadedFromMemory doesn't match image D:\kuliah\Pemrograman s.3\Tower Defense\Library\PackageCache\com.unity.ext.nunit@1.0.0\net35\unity-custom\nunit.framework.dll
Native extension for WindowsStandalone target not found
Refreshing native plugins compatible for Editor in 0.43 ms, found 1 plugins.
Preloading 0 native plugins for Editor in 0.00 ms.
Invoked RoslynAnalysisRunner static constructor.
RoslynAnalysisRunner will not be running.
RoslynAnalysisRunner has terminated.
Mono: successfully reloaded assembly
- Completed reload, in  0.850 seconds
Platform modules already initialized, skipping
Refreshing native plugins compatible for Editor in 0.36 ms, found 1 plugins.
Preloading 0 native plugins for Editor in 0.00 ms.
Unloading 1787 Unused Serialized files (Serialized files now loaded: 0)
System memory in use before: 88.7 MB.
System memory in use after: 88.7 MB.

Unloading 12 unused Assets to reduce memory usage. Loaded Objects now: 2358.
Total: 2.240600 ms (FindLiveObjects: 0.183400 ms CreateObjectMapping: 0.063800 ms MarkObjects: 1.904200 ms  DeleteObjects: 0.088200 ms)

========================================================================
Received Import Request.
  Time since last request: 210.750668 seconds.
  path: Assets/Scripts/CreateItem.cs
  artifactKey: Guid(2f953d4193fac1841a6217f32e105862) Importer(815301076,1909f56bfc062723c751e8b465ee728b)
Start importing Assets/Scripts/CreateItem.cs using Guid(2f953d4193fac1841a6217f32e105862) Importer(815301076,1909f56bfc062723c751e8b465ee728b)  -> (artifact id: '4af47b894435d970f4e477e64879ef30') in 0.003657 seconds
  Import took 0.006913 seconds .

========================================================================
Received Import Request.
  Time since last request: 59.189568 seconds.
  path: Assets/Prefabs/PlayerDefense.prefab
  artifactKey: Guid(496466e1e466b7c478ec57042889d122) Importer(815301076,1909f56bfc062723c751e8b465ee728b)
Start importing Assets/Prefabs/PlayerDefense.prefab using Guid(496466e1e466b7c478ec57042889d122) Importer(815301076,1909f56bfc062723c751e8b465ee728b)  -> (artifact id: 'c362d2202e71e1f8acf3561c7ce76f0c') in 0.071178 seconds
  Import took 0.074981 seconds .

========================================================================
Received Import Request.
  Time since last request: 0.008132 seconds.
  path: Assets/Prefabs/PlayerDefense.prefab
  artifactKey: Guid(496466e1e466b7c478ec57042889d122) Importer(815301076,1909f56bfc062723c751e8b465ee728b)
Start importing Assets/Prefabs/PlayerDefense.prefab using Guid(496466e1e466b7c478ec57042889d122) Importer(815301076,1909f56bfc062723c751e8b465ee728b)  -> (artifact id: 'c362d2202e71e1f8acf3561c7ce76f0c') in 0.015552 seconds
  Import took 0.019812 seconds .

========================================================================
Received Import Request.
  Time since last request: 65.425505 seconds.
  path: Assets/Prefabs/EnemyAttact.prefab
  artifactKey: Guid(6ae6cdd912686b643b99c755cadf1ef7) Importer(815301076,1909f56bfc062723c751e8b465ee728b)
Start importing Assets/Prefabs/EnemyAttact.prefab using Guid(6ae6cdd912686b643b99c755cadf1ef7) Importer(815301076,1909f56bfc062723c751e8b465ee728b)  -> (artifact id: 'f65b2f217d33a22de8fbf13f369432d5') in 0.013253 seconds
  Import took 0.016806 seconds .

========================================================================
Received Import Request.
  Time since last request: 0.011772 seconds.
  path: Assets/Prefabs/EnemyAttact.prefab
  artifactKey: Guid(6ae6cdd912686b643b99c755cadf1ef7) Importer(815301076,1909f56bfc062723c751e8b465ee728b)
Start importing Assets/Prefabs/EnemyAttact.prefab using Guid(6ae6cdd912686b643b99c755cadf1ef7) Importer(815301076,1909f56bfc062723c751e8b465ee728b)  -> (artifact id: 'f65b2f217d33a22de8fbf13f369432d5') in 0.013424 seconds
  Import took 0.018712 seconds .

========================================================================
Received Import Request.
  Time since last request: 21.822164 seconds.
  path: Assets/Scripts/RandomEnemy.cs
  artifactKey: Guid(da6375c4695f2b24e8550723e0427a52) Importer(815301076,1909f56bfc062723c751e8b465ee728b)
Start importing Assets/Scripts/RandomEnemy.cs using Guid(da6375c4695f2b24e8550723e0427a52) Importer(815301076,1909f56bfc062723c751e8b465ee728b)  -> (artifact id: '3e3b7523d43ef837a8bf7700d6235444') in 0.010438 seconds
  Import took 0.015190 seconds .

========================================================================
Received Prepare
Registering precompiled user dll's ...
Registered in 0.001046 seconds.
Begin MonoManager ReloadAssembly
Symbol file LoadedFromMemory doesn't match image D:\kuliah\Pemrograman s.3\Tower Defense\Library\PackageCache\com.unity.ext.nunit@1.0.0\net35\unity-custom\nunit.framework.dll
Native extension for WindowsStandalone target not found
Refreshing native plugins compatible for Editor in 0.72 ms, found 1 plugins.
Preloading 0 native plugins for Editor in 0.00 ms.
Invoked RoslynAnalysisRunner static constructor.
RoslynAnalysisRunner will not be running.
RoslynAnalysisRunner has terminated.
Mono: successfully reloaded assembly
- Completed reload, in  1.055 seconds
Platform modules already initialized, skipping
Refreshing native plugins compatible for Editor in 0.32 ms, found 1 plugins.
Preloading 0 native plugins for Editor in 0.00 ms.
Unloading 1788 Unused Serialized files (Serialized files now loaded: 0)
System memory in use before: 88.8 MB.
System memory in use after: 88.8 MB.

Unloading 12 unused Assets to reduce memory usage. Loaded Objects now: 2363.
Total: 1.745000 ms (FindLiveObjects: 0.181900 ms CreateObjectMapping: 0.062400 ms MarkObjects: 1.419500 ms  DeleteObjects: 0.080200 ms)

========================================================================
Received Prepare
Registering precompiled user dll's ...
Registered in 0.000761 seconds.
Begin MonoManager ReloadAssembly
Symbol file LoadedFromMemory doesn't match image D:\kuliah\Pemrograman s.3\Tower Defense\Library\PackageCache\com.unity.ext.nunit@1.0.0\net35\unity-custom\nunit.framework.dll
Native extension for WindowsStandalone target not found
Refreshing native plugins compatible for Editor in 0.33 ms, found 1 plugins.
Preloading 0 native plugins for Editor in 0.00 ms.
Invoked RoslynAnalysisRunner static constructor.
RoslynAnalysisRunner will not be running.
RoslynAnalysisRunner has terminated.
Mono: successfully reloaded assembly
- Completed reload, in  0.791 seconds
Platform modules already initialized, skipping
Refreshing native plugins compatible for Editor in 0.32 ms, found 1 plugins.
Preloading 0 native plugins for Editor in 0.00 ms.
Unloading 1788 Unused Serialized files (Serialized files now loaded: 0)
System memory in use before: 88.9 MB.
System memory in use after: 88.9 MB.

Unloading 12 unused Assets to reduce memory usage. Loaded Objects now: 2366.
Total: 2.110900 ms (FindLiveObjects: 0.155300 ms CreateObjectMapping: 0.049700 ms MarkObjects: 1.815200 ms  DeleteObjects: 0.089800 ms)

========================================================================
Received Import Request.
  Time since last request: 70.240959 seconds.
  path: Assets/Scripts/RandomEnemy.cs
  artifactKey: Guid(da6375c4695f2b24e8550723e0427a52) Importer(815301076,1909f56bfc062723c751e8b465ee728b)
Start importing Assets/Scripts/RandomEnemy.cs using Guid(da6375c4695f2b24e8550723e0427a52) Importer(815301076,1909f56bfc062723c751e8b465ee728b)  -> (artifact id: 'cf079d058b0b1720a7fca0abc9152d02') in 0.003614 seconds
  Import took 0.006698 seconds .

========================================================================
Received Import Request.
  Time since last request: 35.681841 seconds.
  path: Assets/Scripts/UIController.cs
  artifactKey: Guid(381090f993f94ef43855f6879b3aef81) Importer(815301076,1909f56bfc062723c751e8b465ee728b)
Start importing Assets/Scripts/UIController.cs using Guid(381090f993f94ef43855f6879b3aef81) Importer(815301076,1909f56bfc062723c751e8b465ee728b)  -> (artifact id: 'c14ceea77a5bc57a8f92fb7a428c714f') in 0.007997 seconds
  Import took 0.012895 seconds .

========================================================================
Received Prepare
Registering precompiled user dll's ...
Registered in 0.001080 seconds.
Begin MonoManager ReloadAssembly
Symbol file LoadedFromMemory doesn't match image D:\kuliah\Pemrograman s.3\Tower Defense\Library\PackageCache\com.unity.ext.nunit@1.0.0\net35\unity-custom\nunit.framework.dll
Native extension for WindowsStandalone target not found
Refreshing native plugins compatible for Editor in 0.32 ms, found 1 plugins.
Preloading 0 native plugins for Editor in 0.00 ms.
Invoked RoslynAnalysisRunner static constructor.
RoslynAnalysisRunner will not be running.
RoslynAnalysisRunner has terminated.
Mono: successfully reloaded assembly
- Completed reload, in  0.939 seconds
Platform modules already initialized, skipping
Refreshing native plugins compatible for Editor in 0.92 ms, found 1 plugins.
Preloading 0 native plugins for Editor in 0.00 ms.
Unloading 1789 Unused Serialized files (Serialized files now loaded: 0)
System memory in use before: 89.0 MB.
System memory in use after: 89.0 MB.

Unloading 12 unused Assets to reduce memory usage. Loaded Objects now: 2370.
Total: 1.894300 ms (FindLiveObjects: 0.224500 ms CreateObjectMapping: 0.069100 ms MarkObjects: 1.512300 ms  DeleteObjects: 0.087000 ms)

========================================================================
Received Prepare
Registering precompiled user dll's ...
Registered in 0.001085 seconds.
Begin MonoManager ReloadAssembly
Symbol file LoadedFromMemory doesn't match image D:\kuliah\Pemrograman s.3\Tower Defense\Library\PackageCache\com.unity.ext.nunit@1.0.0\net35\unity-custom\nunit.framework.dll
Native extension for WindowsStandalone target not found
Refreshing native plugins compatible for Editor in 0.34 ms, found 1 plugins.
Preloading 0 native plugins for Editor in 0.00 ms.
Invoked RoslynAnalysisRunner static constructor.
RoslynAnalysisRunner will not be running.
RoslynAnalysisRunner has terminated.
Mono: successfully reloaded assembly
- Completed reload, in  0.869 seconds
Platform modules already initialized, skipping
Refreshing native plugins compatible for Editor in 0.85 ms, found 1 plugins.
Preloading 0 native plugins for Editor in 0.00 ms.
Unloading 1789 Unused Serialized files (Serialized files now loaded: 0)
System memory in use before: 89.1 MB.
System memory in use after: 89.1 MB.

Unloading 12 unused Assets to reduce memory usage. Loaded Objects now: 2373.
Total: 2.057600 ms (FindLiveObjects: 0.210100 ms CreateObjectMapping: 0.072300 ms MarkObjects: 1.676900 ms  DeleteObjects: 0.097100 ms)

========================================================================
Received Prepare
Registering precompiled user dll's ...
Registered in 0.001445 seconds.
Begin MonoManager ReloadAssembly
Symbol file LoadedFromMemory doesn't match image D:\kuliah\Pemrograman s.3\Tower Defense\Library\PackageCache\com.unity.ext.nunit@1.0.0\net35\unity-custom\nunit.framework.dll
Native extension for WindowsStandalone target not found
Refreshing native plugins compatible for Editor in 0.40 ms, found 1 plugins.
Preloading 0 native plugins for Editor in 0.00 ms.
Invoked RoslynAnalysisRunner static constructor.
RoslynAnalysisRunner will not be running.
RoslynAnalysisRunner has terminated.
Mono: successfully reloaded assembly
- Completed reload, in  1.266 seconds
Platform modules already initialized, skipping
Refreshing native plugins compatible for Editor in 0.53 ms, found 1 plugins.
Preloading 0 native plugins for Editor in 0.00 ms.
Unloading 1789 Unused Serialized files (Serialized files now loaded: 0)
System memory in use before: 89.1 MB.
System memory in use after: 89.1 MB.

Unloading 12 unused Assets to reduce memory usage. Loaded Objects now: 2376.
Total: 3.535100 ms (FindLiveObjects: 0.572900 ms CreateObjectMapping: 0.247000 ms MarkObjects: 2.612700 ms  DeleteObjects: 0.099400 ms)

========================================================================
Received Prepare
Registering precompiled user dll's ...
Registered in 0.001488 seconds.
Begin MonoManager ReloadAssembly
Symbol file LoadedFromMemory doesn't match image D:\kuliah\Pemrograman s.3\Tower Defense\Library\PackageCache\com.unity.ext.nunit@1.0.0\net35\unity-custom\nunit.framework.dll
Native extension for WindowsStandalone target not found
Refreshing native plugins compatible for Editor in 0.32 ms, found 1 plugins.
Preloading 0 native plugins for Editor in 0.00 ms.
Invoked RoslynAnalysisRunner static constructor.
RoslynAnalysisRunner will not be running.
RoslynAnalysisRunner has terminated.
Mono: successfully reloaded assembly
- Completed reload, in  1.048 seconds
Platform modules already initialized, skipping
Refreshing native plugins compatible for Editor in 0.33 ms, found 1 plugins.
Preloading 0 native plugins for Editor in 0.00 ms.
Unloading 1789 Unused Serialized files (Serialized files now loaded: 0)
System memory in use before: 89.2 MB.
System memory in use after: 89.2 MB.

Unloading 12 unused Assets to reduce memory usage. Loaded Objects now: 2379.
Total: 2.037300 ms (FindLiveObjects: 0.165900 ms CreateObjectMapping: 0.049900 ms MarkObjects: 1.729800 ms  DeleteObjects: 0.090300 ms)

========================================================================
Received Prepare
Registering precompiled user dll's ...
Registered in 0.002984 seconds.
Begin MonoManager ReloadAssembly
Symbol file LoadedFromMemory doesn't match image D:\kuliah\Pemrograman s.3\Tower Defense\Library\PackageCache\com.unity.ext.nunit@1.0.0\net35\unity-custom\nunit.framework.dll
Native extension for WindowsStandalone target not found
Refreshing native plugins compatible for Editor in 1.05 ms, found 1 plugins.
Preloading 0 native plugins for Editor in 0.00 ms.
Invoked RoslynAnalysisRunner static constructor.
RoslynAnalysisRunner will not be running.
RoslynAnalysisRunner has terminated.
Mono: successfully reloaded assembly
- Completed reload, in  1.443 seconds
Platform modules already initialized, skipping
Refreshing native plugins compatible for Editor in 1.70 ms, found 1 plugins.
Preloading 0 native plugins for Editor in 0.00 ms.
Unloading 1789 Unused Serialized files (Serialized files now loaded: 0)
System memory in use before: 89.3 MB.
System memory in use after: 89.3 MB.

Unloading 12 unused Assets to reduce memory usage. Loaded Objects now: 2382.
Total: 5.586100 ms (FindLiveObjects: 0.817600 ms CreateObjectMapping: 0.201700 ms MarkObjects: 4.340800 ms  DeleteObjects: 0.223500 ms)

========================================================================
Received Prepare
Registering precompiled user dll's ...
Registered in 0.000934 seconds.
Begin MonoManager ReloadAssembly
Symbol file LoadedFromMemory doesn't match image D:\kuliah\Pemrograman s.3\Tower Defense\Library\PackageCache\com.unity.ext.nunit@1.0.0\net35\unity-custom\nunit.framework.dll
Native extension for WindowsStandalone target not found
Refreshing native plugins compatible for Editor in 0.35 ms, found 1 plugins.
Preloading 0 native plugins for Editor in 0.00 ms.
Invoked RoslynAnalysisRunner static constructor.
RoslynAnalysisRunner will not be running.
RoslynAnalysisRunner has terminated.
Mono: successfully reloaded assembly
- Completed reload, in  0.761 seconds
Platform modules already initialized, skipping
Refreshing native plugins compatible for Editor in 0.32 ms, found 1 plugins.
Preloading 0 native plugins for Editor in 0.00 ms.
Unloading 1789 Unused Serialized files (Serialized files now loaded: 0)
System memory in use before: 89.3 MB.
System memory in use after: 89.3 MB.

Unloading 12 unused Assets to reduce memory usage. Loaded Objects now: 2385.
Total: 2.144500 ms (FindLiveObjects: 0.220400 ms CreateObjectMapping: 0.072100 ms MarkObjects: 1.761300 ms  DeleteObjects: 0.089400 ms)

========================================================================
Received Prepare
Registering precompiled user dll's ...
Registered in 0.001172 seconds.
Begin MonoManager ReloadAssembly
Symbol file LoadedFromMemory doesn't match image D:\kuliah\Pemrograman s.3\Tower Defense\Library\PackageCache\com.unity.ext.nunit@1.0.0\net35\unity-custom\nunit.framework.dll
Native extension for WindowsStandalone target not found
Refreshing native plugins compatible for Editor in 0.76 ms, found 1 plugins.
Preloading 0 native plugins for Editor in 0.00 ms.
Invoked RoslynAnalysisRunner static constructor.
RoslynAnalysisRunner will not be running.
RoslynAnalysisRunner has terminated.
Mono: successfully reloaded assembly
- Completed reload, in  1.415 seconds
Platform modules already initialized, skipping
Refreshing native plugins compatible for Editor in 1.10 ms, found 1 plugins.
Preloading 0 native plugins for Editor in 0.00 ms.
Unloading 1789 Unused Serialized files (Serialized files now loaded: 0)
System memory in use before: 89.4 MB.
System memory in use after: 89.4 MB.

Unloading 12 unused Assets to reduce memory usage. Loaded Objects now: 2388.
Total: 5.615100 ms (FindLiveObjects: 0.549800 ms CreateObjectMapping: 0.457600 ms MarkObjects: 4.269300 ms  DeleteObjects: 0.335200 ms)

========================================================================
Received Import Request.
  Time since last request: 853.880461 seconds.
  path: Assets/Scripts/GameplayEnd.cs
  artifactKey: Guid(5d858b15fb7cf164b97dabcd798cc9f9) Importer(815301076,1909f56bfc062723c751e8b465ee728b)
Start importing Assets/Scripts/GameplayEnd.cs using Guid(5d858b15fb7cf164b97dabcd798cc9f9) Importer(815301076,1909f56bfc062723c751e8b465ee728b)  -> (artifact id: '6846235d7626e4af7f79d86c789765a6') in 0.015227 seconds
  Import took 0.020131 seconds .

========================================================================
Received Prepare
Registering precompiled user dll's ...
Registered in 0.000729 seconds.
Begin MonoManager ReloadAssembly
Symbol file LoadedFromMemory doesn't match image D:\kuliah\Pemrograman s.3\Tower Defense\Library\PackageCache\com.unity.ext.nunit@1.0.0\net35\unity-custom\nunit.framework.dll
Native extension for WindowsStandalone target not found
Refreshing native plugins compatible for Editor in 0.32 ms, found 1 plugins.
Preloading 0 native plugins for Editor in 0.00 ms.
Invoked RoslynAnalysisRunner static constructor.
RoslynAnalysisRunner will not be running.
RoslynAnalysisRunner has terminated.
Mono: successfully reloaded assembly
- Completed reload, in  0.888 seconds
Platform modules already initialized, skipping
Refreshing native plugins compatible for Editor in 0.45 ms, found 1 plugins.
Preloading 0 native plugins for Editor in 0.00 ms.
Unloading 1790 Unused Serialized files (Serialized files now loaded: 0)
System memory in use before: 89.5 MB.
System memory in use after: 89.5 MB.

Unloading 12 unused Assets to reduce memory usage. Loaded Objects now: 2392.
Total: 1.899000 ms (FindLiveObjects: 0.191400 ms CreateObjectMapping: 0.061600 ms MarkObjects: 1.560800 ms  DeleteObjects: 0.084500 ms)

========================================================================
Received Prepare
Registering precompiled user dll's ...
Registered in 0.000694 seconds.
Begin MonoManager ReloadAssembly
Symbol file LoadedFromMemory doesn't match image D:\kuliah\Pemrograman s.3\Tower Defense\Library\PackageCache\com.unity.ext.nunit@1.0.0\net35\unity-custom\nunit.framework.dll
Native extension for WindowsStandalone target not found
Refreshing native plugins compatible for Editor in 0.37 ms, found 1 plugins.
Preloading 0 native plugins for Editor in 0.00 ms.
Invoked RoslynAnalysisRunner static constructor.
RoslynAnalysisRunner will not be running.
RoslynAnalysisRunner has terminated.
Mono: successfully reloaded assembly
- Completed reload, in  0.804 seconds
Platform modules already initialized, skipping
Refreshing native plugins compatible for Editor in 0.41 ms, found 1 plugins.
Preloading 0 native plugins for Editor in 0.00 ms.
Unloading 1790 Unused Serialized files (Serialized files now loaded: 0)
System memory in use before: 88.6 MB.
System memory in use after: 88.6 MB.

Unloading 12 unused Assets to reduce memory usage. Loaded Objects now: 2395.
Total: 2.085200 ms (FindLiveObjects: 0.333200 ms CreateObjectMapping: 0.095400 ms MarkObjects: 1.565300 ms  DeleteObjects: 0.090100 ms)

========================================================================
Received Import Request.
  Time since last request: 377.547461 seconds.
  path: Assets/Scripts/AutoReplay.cs
  artifactKey: Guid(c90281ba63d93aa439aa1d2fccacd309) Importer(815301076,1909f56bfc062723c751e8b465ee728b)
Start importing Assets/Scripts/AutoReplay.cs using Guid(c90281ba63d93aa439aa1d2fccacd309) Importer(815301076,1909f56bfc062723c751e8b465ee728b)  -> (artifact id: '9a09a93ba10fe108b39ac6ea81c445b1') in 0.011865 seconds
  Import took 0.016008 seconds .

========================================================================
Received Prepare
Registering precompiled user dll's ...
Registered in 0.001041 seconds.
Begin MonoManager ReloadAssembly
Symbol file LoadedFromMemory doesn't match image D:\kuliah\Pemrograman s.3\Tower Defense\Library\PackageCache\com.unity.ext.nunit@1.0.0\net35\unity-custom\nunit.framework.dll
Native extension for WindowsStandalone target not found
Refreshing native plugins compatible for Editor in 0.42 ms, found 1 plugins.
Preloading 0 native plugins for Editor in 0.00 ms.
Invoked RoslynAnalysisRunner static constructor.
RoslynAnalysisRunner will not be running.
RoslynAnalysisRunner has terminated.
Mono: successfully reloaded assembly
- Completed reload, in  1.154 seconds
Platform modules already initialized, skipping
Refreshing native plugins compatible for Editor in 0.32 ms, found 1 plugins.
Preloading 0 native plugins for Editor in 0.00 ms.
Unloading 1791 Unused Serialized files (Serialized files now loaded: 0)
System memory in use before: 88.7 MB.
System memory in use after: 88.7 MB.

Unloading 12 unused Assets to reduce memory usage. Loaded Objects now: 2399.
Total: 2.173700 ms (FindLiveObjects: 0.189000 ms CreateObjectMapping: 0.063700 ms MarkObjects: 1.834300 ms  DeleteObjects: 0.085800 ms)

========================================================================
Received Prepare
Registering precompiled user dll's ...
Registered in 0.000780 seconds.
Begin MonoManager ReloadAssembly
Symbol file LoadedFromMemory doesn't match image D:\kuliah\Pemrograman s.3\Tower Defense\Library\PackageCache\com.unity.ext.nunit@1.0.0\net35\unity-custom\nunit.framework.dll
Native extension for WindowsStandalone target not found
Refreshing native plugins compatible for Editor in 0.34 ms, found 1 plugins.
Preloading 0 native plugins for Editor in 0.00 ms.
Invoked RoslynAnalysisRunner static constructor.
RoslynAnalysisRunner will not be running.
RoslynAnalysisRunner has terminated.
Mono: successfully reloaded assembly
- Completed reload, in  0.852 seconds
Platform modules already initialized, skipping
Refreshing native plugins compatible for Editor in 0.34 ms, found 1 plugins.
Preloading 0 native plugins for Editor in 0.00 ms.
Unloading 1791 Unused Serialized files (Serialized files now loaded: 0)
System memory in use before: 88.7 MB.
System memory in use after: 88.7 MB.

Unloading 12 unused Assets to reduce memory usage. Loaded Objects now: 2402.
Total: 2.121100 ms (FindLiveObjects: 0.229300 ms CreateObjectMapping: 0.100200 ms MarkObjects: 1.697400 ms  DeleteObjects: 0.092800 ms)

========================================================================
Received Import Request.
  Time since last request: 194.338803 seconds.
  path: Assets/Scripts/AutoReplay.cs
  artifactKey: Guid(c90281ba63d93aa439aa1d2fccacd309) Importer(815301076,1909f56bfc062723c751e8b465ee728b)
Start importing Assets/Scripts/AutoReplay.cs using Guid(c90281ba63d93aa439aa1d2fccacd309) Importer(815301076,1909f56bfc062723c751e8b465ee728b)  -> (artifact id: '9dbb9efe887bafb43ed8af5a0612128f') in 0.003788 seconds
  Import took 0.007148 seconds .

========================================================================
Received Import Request.
  Time since last request: 40.433829 seconds.
  path: Assets/Scenes/Gameplay.unity
  artifactKey: Guid(384cf5901a8107345bbae180ea7bb156) Importer(815301076,1909f56bfc062723c751e8b465ee728b)
Start importing Assets/Scenes/Gameplay.unity using Guid(384cf5901a8107345bbae180ea7bb156) Importer(815301076,1909f56bfc062723c751e8b465ee728b)  -> (artifact id: 'e66171021e523e2f595a11b8911e7eeb') in 0.019087 seconds
  Import took 0.022569 seconds .

========================================================================
Received Prepare
Registering precompiled user dll's ...
Registered in 0.000752 seconds.
Begin MonoManager ReloadAssembly
Symbol file LoadedFromMemory doesn't match image D:\kuliah\Pemrograman s.3\Tower Defense\Library\PackageCache\com.unity.ext.nunit@1.0.0\net35\unity-custom\nunit.framework.dll
Native extension for WindowsStandalone target not found
Refreshing native plugins compatible for Editor in 0.34 ms, found 1 plugins.
Preloading 0 native plugins for Editor in 0.00 ms.
Invoked RoslynAnalysisRunner static constructor.
RoslynAnalysisRunner will not be running.
RoslynAnalysisRunner has terminated.
Mono: successfully reloaded assembly
- Completed reload, in  0.799 seconds
Platform modules already initialized, skipping
Refreshing native plugins compatible for Editor in 0.39 ms, found 1 plugins.
Preloading 0 native plugins for Editor in 0.00 ms.
Unloading 1791 Unused Serialized files (Serialized files now loaded: 0)
System memory in use before: 88.8 MB.
System memory in use after: 88.8 MB.

Unloading 12 unused Assets to reduce memory usage. Loaded Objects now: 2405.
Total: 2.204800 ms (FindLiveObjects: 0.369100 ms CreateObjectMapping: 0.072300 ms MarkObjects: 1.668100 ms  DeleteObjects: 0.094000 ms)

========================================================================
Received Prepare
Registering precompiled user dll's ...
Registered in 0.000720 seconds.
Begin MonoManager ReloadAssembly
Symbol file LoadedFromMemory doesn't match image D:\kuliah\Pemrograman s.3\Tower Defense\Library\PackageCache\com.unity.ext.nunit@1.0.0\net35\unity-custom\nunit.framework.dll
Native extension for WindowsStandalone target not found
Refreshing native plugins compatible for Editor in 0.32 ms, found 1 plugins.
Preloading 0 native plugins for Editor in 0.00 ms.
Invoked RoslynAnalysisRunner static constructor.
RoslynAnalysisRunner will not be running.
RoslynAnalysisRunner has terminated.
Mono: successfully reloaded assembly
- Completed reload, in  0.881 seconds
Platform modules already initialized, skipping
Refreshing native plugins compatible for Editor in 0.37 ms, found 1 plugins.
Preloading 0 native plugins for Editor in 0.00 ms.
Unloading 1791 Unused Serialized files (Serialized files now loaded: 0)
System memory in use before: 88.9 MB.
System memory in use after: 88.9 MB.

Unloading 12 unused Assets to reduce memory usage. Loaded Objects now: 2408.
Total: 2.222200 ms (FindLiveObjects: 0.251300 ms CreateObjectMapping: 0.074100 ms MarkObjects: 1.778200 ms  DeleteObjects: 0.117500 ms)

========================================================================
Received Prepare
Registering precompiled user dll's ...
Registered in 0.001455 seconds.
Begin MonoManager ReloadAssembly
Symbol file LoadedFromMemory doesn't match image D:\kuliah\Pemrograman s.3\Tower Defense\Library\PackageCache\com.unity.ext.nunit@1.0.0\net35\unity-custom\nunit.framework.dll
Native extension for WindowsStandalone target not found
Refreshing native plugins compatible for Editor in 0.55 ms, found 1 plugins.
Preloading 0 native plugins for Editor in 0.00 ms.
Invoked RoslynAnalysisRunner static constructor.
RoslynAnalysisRunner will not be running.
RoslynAnalysisRunner has terminated.
Mono: successfully reloaded assembly
- Completed reload, in  1.394 seconds
Platform modules already initialized, skipping
Refreshing native plugins compatible for Editor in 0.59 ms, found 1 plugins.
Preloading 0 native plugins for Editor in 0.00 ms.
Unloading 1791 Unused Serialized files (Serialized files now loaded: 0)
System memory in use before: 89.0 MB.
System memory in use after: 89.0 MB.

Unloading 12 unused Assets to reduce memory usage. Loaded Objects now: 2411.
Total: 4.076200 ms (FindLiveObjects: 0.786800 ms CreateObjectMapping: 0.252700 ms MarkObjects: 2.878900 ms  DeleteObjects: 0.155500 ms)

========================================================================
Received Prepare
Registering precompiled user dll's ...
Registered in 0.001384 seconds.
Begin MonoManager ReloadAssembly
Symbol file LoadedFromMemory doesn't match image D:\kuliah\Pemrograman s.3\Tower Defense\Library\PackageCache\com.unity.ext.nunit@1.0.0\net35\unity-custom\nunit.framework.dll
Native extension for WindowsStandalone target not found
Refreshing native plugins compatible for Editor in 1.12 ms, found 1 plugins.
Preloading 0 native plugins for Editor in 0.00 ms.
Invoked RoslynAnalysisRunner static constructor.
RoslynAnalysisRunner will not be running.
RoslynAnalysisRunner has terminated.
Mono: successfully reloaded assembly
- Completed reload, in  1.409 seconds
Platform modules already initialized, skipping
Refreshing native plugins compatible for Editor in 0.62 ms, found 1 plugins.
Preloading 0 native plugins for Editor in 0.00 ms.
Unloading 1791 Unused Serialized files (Serialized files now loaded: 0)
System memory in use before: 89.0 MB.
System memory in use after: 89.0 MB.

Unloading 12 unused Assets to reduce memory usage. Loaded Objects now: 2414.
Total: 5.666600 ms (FindLiveObjects: 0.526900 ms CreateObjectMapping: 0.197600 ms MarkObjects: 4.746900 ms  DeleteObjects: 0.193700 ms)

AssetImportWorkerClient::OnTransportError - code=2 error=End of file
